<?xml version="1.0" encoding="UTF-8"?>
<!-- Generated by org.testng.reporters.JUnitXMLReporter -->
<testsuite hostname="DESKTOP-TLJL57A" failures="0" tests="4" name="Test" time="314.562" errors="0" timestamp="19 Oct 2021 10:38:57 GMT">
  <testcase classname="AssignmentProject.Qualicoach.HomePage" name="basePageNavigation" time="103.634"/>
  <testcase classname="AssignmentProject.Qualicoach.HomePage" name="basePageNavigation" time="63.282"/>
  <testcase classname="AssignmentProject.Qualicoach.HomePage" name="basePageNavigation" time="32.55"/>
  <testcase classname="AssignmentProject.Qualicoach.HomePage" name="basePageNavigation" time="48.928"/>
</testsuite> <!-- Test -->
