<?xml version="1.0" encoding="UTF-8"?>
<!-- Generated by org.testng.reporters.JUnitXMLReporter -->
<testsuite hostname="DESKTOP-TLJL57A" failures="1" tests="1" name="Test3" time="85.093" errors="0" timestamp="19 Oct 2021 10:40:27 GMT">
  <testcase classname="AssignmentProject.Qualicoach.validateTitle" name="basePageNavigation" time="0.04">
    <failure type="java.lang.Error" message="Unresolved compilation problems: 
	LandingPage cannot be resolved to a type
	LandingPage cannot be resolved to a type
">
      <![CDATA[java.lang.Error: Unresolved compilation problems: 
	LandingPage cannot be resolved to a type
	LandingPage cannot be resolved to a type

	at AssignmentProject.Qualicoach.validateTitle.basePageNavigation(validateTitle.java:28)
... Removed 24 stack frames]]>
    </failure>
  </testcase> <!-- basePageNavigation -->
</testsuite> <!-- Test3 -->
