<?xml version="1.0" encoding="UTF-8"?>
<testng-results ignored="0" total="1" passed="1" failed="0" skipped="0">
  <reporter-output>
  </reporter-output>
  <suite started-at="2021-10-19T22:58:08 IST" name="Default suite" finished-at="2021-10-19T22:59:12 IST" duration-ms="63844">
    <groups>
    </groups>
    <test started-at="2021-10-19T22:58:08 IST" name="Default test" finished-at="2021-10-19T22:59:12 IST" duration-ms="63844">
      <class name="AssignmentProject.Qualicoach.Download">
        <test-method signature="getDownload()[pri:0, instance:AssignmentProject.Qualicoach.Download@45b4c3a9]" started-at="2021-10-19T22:58:08 IST" name="getDownload" finished-at="2021-10-19T22:59:10 IST" duration-ms="62333" status="PASS">
          <reporter-output>
          </reporter-output>
        </test-method> <!-- getDownload -->
        <test-method is-config="true" signature="teardown()[pri:0, instance:AssignmentProject.Qualicoach.Download@45b4c3a9]" started-at="2021-10-19T22:59:10 IST" name="teardown" finished-at="2021-10-19T22:59:12 IST" duration-ms="1377" status="PASS">
          <reporter-output>
          </reporter-output>
        </test-method> <!-- teardown -->
      </class> <!-- AssignmentProject.Qualicoach.Download -->
    </test> <!-- Default test -->
  </suite> <!-- Default suite -->
</testng-results>
